<?xml version="1.0" encoding="UTF-8"?>
<!-- Generated by org.testng.reporters.JUnitXMLReporter -->
<testsuite ignored="0" hostname="DESKTOP-AAF5KVV" failures="0" tests="4" name="Test" time="254.392" errors="0" timestamp="2022-10-11T19:53:49 IST">
  <testcase classname="Academy.validateNavigationBar" name="validateAppNavBar" time="0.704"/>
  <testcase classname="Academy.HomePage" name="basePageNavigation" time="75.114"/>
  <testcase classname="Academy.HomePage" name="basePageNavigation" time="108.897"/>
  <testcase classname="Academy.validateTitle" name="validateAppTitle" time="0.281"/>
</testsuite> <!-- Test -->
