<?xml version="1.0" encoding="UTF-8"?>
<!-- Generated by org.testng.reporters.JUnitXMLReporter -->
<testsuite ignored="0" hostname="DESKTOP-AAF5KVV" failures="0" tests="4" name="Test" time="115.787" errors="0" timestamp="2022-10-12T18:18:31 IST">
  <testcase classname="Academy.validateNavigationBar" name="validateAppNavBar" time="0.371"/>
  <testcase classname="Academy.HomePage" name="basePageNavigation" time="16.664"/>
  <testcase classname="Academy.HomePage" name="basePageNavigation" time="14.806"/>
  <testcase classname="Academy.validateTitle" name="validateAppTitle" time="0.615"/>
</testsuite> <!-- Test -->
