<?xml version="1.0" encoding="UTF-8"?>
<testng-results ignored="0" total="4" passed="4" failed="0" skipped="0">
  <reporter-output>
  </reporter-output>
  <suite started-at="2022-10-12T18:16:34 IST" name="Suite" finished-at="2022-10-12T18:18:30 IST" duration-ms="115787">
    <groups>
    </groups>
    <test started-at="2022-10-12T18:16:34 IST" name="Test" finished-at="2022-10-12T18:18:30 IST" duration-ms="115787">
      <class name="Academy.HomePage">
        <test-method is-config="true" signature="initialize()[pri:0, instance:Academy.HomePage@46c670a6]" started-at="2022-10-12T18:16:34 IST" name="initialize" finished-at="2022-10-12T18:16:49 IST" duration-ms="14096" status="PASS">
          <reporter-output>
          </reporter-output>
        </test-method> <!-- initialize -->
        <test-method signature="basePageNavigation(java.lang.String,java.lang.String,java.lang.String)[pri:0, instance:Academy.HomePage@46c670a6]" started-at="2022-10-12T18:17:23 IST" name="basePageNavigation" data-provider="getData" finished-at="2022-10-12T18:17:40 IST" duration-ms="16664" status="PASS">
          <params>
            <param index="0">
              <value>
                <![CDATA[nonrestricteduser@qw.com]]>
              </value>
            </param>
            <param index="1">
              <value>
                <![CDATA[123456]]>
              </value>
            </param>
            <param index="2">
              <value>
                <![CDATA[Restrcited User]]>
              </value>
            </param>
          </params>
          <reporter-output>
          </reporter-output>
        </test-method> <!-- basePageNavigation -->
        <test-method signature="basePageNavigation(java.lang.String,java.lang.String,java.lang.String)[pri:0, instance:Academy.HomePage@46c670a6]" started-at="2022-10-12T18:17:40 IST" name="basePageNavigation" data-provider="getData" finished-at="2022-10-12T18:17:55 IST" duration-ms="14806" status="PASS">
          <params>
            <param index="0">
              <value>
                <![CDATA[restricteduser@qw.com]]>
              </value>
            </param>
            <param index="1">
              <value>
                <![CDATA[456788]]>
              </value>
            </param>
            <param index="2">
              <value>
                <![CDATA[Non restricted user]]>
              </value>
            </param>
          </params>
          <reporter-output>
          </reporter-output>
        </test-method> <!-- basePageNavigation -->
        <test-method is-config="true" signature="teardown()[pri:0, instance:Academy.HomePage@46c670a6]" started-at="2022-10-12T18:17:56 IST" name="teardown" finished-at="2022-10-12T18:17:59 IST" duration-ms="3719" status="PASS">
          <reporter-output>
          </reporter-output>
        </test-method> <!-- teardown -->
      </class> <!-- Academy.HomePage -->
      <class name="Academy.validateTitle">
        <test-method is-config="true" signature="initialize()[pri:0, instance:Academy.validateTitle@59fc684e]" started-at="2022-10-12T18:17:09 IST" name="initialize" finished-at="2022-10-12T18:17:23 IST" duration-ms="14204" status="PASS">
          <reporter-output>
          </reporter-output>
        </test-method> <!-- initialize -->
        <test-method signature="validateAppTitle()[pri:0, instance:Academy.validateTitle@59fc684e]" started-at="2022-10-12T18:17:55 IST" name="validateAppTitle" finished-at="2022-10-12T18:17:56 IST" duration-ms="615" status="PASS">
          <reporter-output>
          </reporter-output>
        </test-method> <!-- validateAppTitle -->
        <test-method is-config="true" signature="teardown()[pri:0, instance:Academy.validateTitle@59fc684e]" started-at="2022-10-12T18:18:27 IST" name="teardown" finished-at="2022-10-12T18:18:30 IST" duration-ms="3732" status="PASS">
          <reporter-output>
          </reporter-output>
        </test-method> <!-- teardown -->
      </class> <!-- Academy.validateTitle -->
      <class name="Academy.validateNavigationBar">
        <test-method is-config="true" signature="initialize()[pri:0, instance:Academy.validateNavigationBar@32057e6]" started-at="2022-10-12T18:16:49 IST" name="initialize" finished-at="2022-10-12T18:17:09 IST" duration-ms="20192" status="PASS">
          <reporter-output>
          </reporter-output>
        </test-method> <!-- initialize -->
        <test-method signature="validateAppNavBar()[pri:0, instance:Academy.validateNavigationBar@32057e6]" started-at="2022-10-12T18:17:23 IST" name="validateAppNavBar" finished-at="2022-10-12T18:17:23 IST" duration-ms="371" status="PASS">
          <reporter-output>
          </reporter-output>
        </test-method> <!-- validateAppNavBar -->
        <test-method is-config="true" signature="teardown()[pri:0, instance:Academy.validateNavigationBar@32057e6]" started-at="2022-10-12T18:17:59 IST" name="teardown" finished-at="2022-10-12T18:18:27 IST" duration-ms="27262" status="PASS">
          <reporter-output>
          </reporter-output>
        </test-method> <!-- teardown -->
      </class> <!-- Academy.validateNavigationBar -->
    </test> <!-- Test -->
  </suite> <!-- Suite -->
</testng-results>
