<?xml version="1.0" encoding="UTF-8"?>
<testng-results ignored="0" total="4" passed="4" failed="0" skipped="0">
  <reporter-output>
  </reporter-output>
  <suite started-at="2022-10-11T19:49:34 IST" name="Suite" finished-at="2022-10-11T19:53:49 IST" duration-ms="254392">
    <groups>
    </groups>
    <test started-at="2022-10-11T19:49:34 IST" name="Test" finished-at="2022-10-11T19:53:49 IST" duration-ms="254392">
      <class name="Academy.validateTitle">
        <test-method is-config="true" signature="initialize()[pri:0, instance:Academy.validateTitle@7689ddef]" started-at="2022-10-11T19:50:02 IST" name="initialize" finished-at="2022-10-11T19:50:35 IST" duration-ms="33122" status="PASS">
          <reporter-output>
          </reporter-output>
        </test-method> <!-- initialize -->
        <test-method signature="validateAppTitle()[pri:0, instance:Academy.validateTitle@7689ddef]" started-at="2022-10-11T19:53:40 IST" name="validateAppTitle" finished-at="2022-10-11T19:53:41 IST" duration-ms="281" status="PASS">
          <reporter-output>
          </reporter-output>
        </test-method> <!-- validateAppTitle -->
        <test-method is-config="true" signature="teardown()[pri:0, instance:Academy.validateTitle@7689ddef]" started-at="2022-10-11T19:53:46 IST" name="teardown" finished-at="2022-10-11T19:53:49 IST" duration-ms="2711" status="PASS">
          <reporter-output>
          </reporter-output>
        </test-method> <!-- teardown -->
      </class> <!-- Academy.validateTitle -->
      <class name="Academy.HomePage">
        <test-method is-config="true" signature="initialize()[pri:0, instance:Academy.HomePage@42257bdd]" started-at="2022-10-11T19:49:34 IST" name="initialize" finished-at="2022-10-11T19:49:48 IST" duration-ms="13316" status="PASS">
          <reporter-output>
          </reporter-output>
        </test-method> <!-- initialize -->
        <test-method signature="basePageNavigation(java.lang.String, java.lang.String, java.lang.String)[pri:0, instance:Academy.HomePage@42257bdd]" started-at="2022-10-11T19:50:36 IST" name="basePageNavigation" data-provider="getData" finished-at="2022-10-11T19:51:51 IST" duration-ms="75114" status="PASS">
          <params>
            <param index="0">
              <value>
                <![CDATA[nonrestricteduser@qw.com]]>
              </value>
            </param>
            <param index="1">
              <value>
                <![CDATA[123456]]>
              </value>
            </param>
            <param index="2">
              <value>
                <![CDATA[Restrcited User]]>
              </value>
            </param>
          </params>
          <reporter-output>
          </reporter-output>
        </test-method> <!-- basePageNavigation -->
        <test-method signature="basePageNavigation(java.lang.String, java.lang.String, java.lang.String)[pri:0, instance:Academy.HomePage@42257bdd]" started-at="2022-10-11T19:51:51 IST" name="basePageNavigation" data-provider="getData" finished-at="2022-10-11T19:53:40 IST" duration-ms="108897" status="PASS">
          <params>
            <param index="0">
              <value>
                <![CDATA[restricteduser@qw.com]]>
              </value>
            </param>
            <param index="1">
              <value>
                <![CDATA[456788]]>
              </value>
            </param>
            <param index="2">
              <value>
                <![CDATA[Non restricted user]]>
              </value>
            </param>
          </params>
          <reporter-output>
          </reporter-output>
        </test-method> <!-- basePageNavigation -->
        <test-method is-config="true" signature="teardown()[pri:0, instance:Academy.HomePage@42257bdd]" started-at="2022-10-11T19:53:41 IST" name="teardown" finished-at="2022-10-11T19:53:43 IST" duration-ms="2264" status="PASS">
          <reporter-output>
          </reporter-output>
        </test-method> <!-- teardown -->
      </class> <!-- Academy.HomePage -->
      <class name="Academy.validateNavigationBar">
        <test-method is-config="true" signature="initialize()[pri:0, instance:Academy.validateNavigationBar@790174f2]" started-at="2022-10-11T19:49:48 IST" name="initialize" finished-at="2022-10-11T19:50:02 IST" duration-ms="14475" status="PASS">
          <reporter-output>
          </reporter-output>
        </test-method> <!-- initialize -->
        <test-method signature="validateAppNavBar()[pri:0, instance:Academy.validateNavigationBar@790174f2]" started-at="2022-10-11T19:50:35 IST" name="validateAppNavBar" finished-at="2022-10-11T19:50:36 IST" duration-ms="704" status="PASS">
          <reporter-output>
          </reporter-output>
        </test-method> <!-- validateAppNavBar -->
        <test-method is-config="true" signature="teardown()[pri:0, instance:Academy.validateNavigationBar@790174f2]" started-at="2022-10-11T19:53:43 IST" name="teardown" finished-at="2022-10-11T19:53:46 IST" duration-ms="3076" status="PASS">
          <reporter-output>
          </reporter-output>
        </test-method> <!-- teardown -->
      </class> <!-- Academy.validateNavigationBar -->
    </test> <!-- Test -->
  </suite> <!-- Suite -->
</testng-results>
